#
# There is insufficient memory for the Java Runtime Environment to continue.
# Native memory allocation (mmap) failed to map 532676608 bytes for G1 virtual space
# Possible reasons:
#   The system is out of physical RAM or swap space
#   The process is running with CompressedOops enabled, and the Java Heap may be blocking the growth of the native heap
# Possible solutions:
#   Reduce memory load on the system
#   Increase physical memory or swap space
#   Check if swap backing store is full
#   Decrease Java heap size (-Xmx/-Xms)
#   Decrease number of Java threads
#   Decrease Java thread stack sizes (-Xss)
#   Set larger code cache with -XX:ReservedCodeCacheSize=
#   JVM is running with Zero Based Compressed Oops mode in which the Java heap is
#     placed in the first 32GB address space. The Java Heap base address is the
#     maximum limit for the native heap growth. Please use -XX:HeapBaseMinAddress
#     to set the Java Heap base and to place the Java Heap above 32GB virtual address.
# This output file may be truncated or incomplete.
#
#  Out of Memory Error (os_windows.cpp:3613), pid=33328, tid=33380
#
# JRE version:  (17.0.10+7) (build )
# Java VM: OpenJDK 64-Bit Server VM (17.0.10+7-LTS, mixed mode, sharing, tiered, compressed oops, compressed class ptrs, g1 gc, windows-amd64)
# No core dump will be written. Minidumps are not enabled by default on client versions of Windows
#

---------------  S U M M A R Y ------------

Command Line: org.jetbrains.kotlin.cli.jvm.K2JVMCompiler @F:\code\java\arona-reborn\arona\arona-core\build\20240317_3770765748388668472.compiler.options

Host: Intel(R) Core(TM) i9-14900K, 32 cores, 31G,  Windows 11 , 64 bit Build 22621 (10.0.22621.3235)
Time: Sun Mar 17 13:16:33 2024  Windows 11 , 64 bit Build 22621 (10.0.22621.3235) elapsed time: 0.004551 seconds (0d 0h 0m 0s)

---------------  T H R E A D  ---------------

Current thread (0x00000265b69bf680):  JavaThread "Unknown thread" [_thread_in_vm, id=33380, stack(0x000000adba100000,0x000000adba200000)]

Stack: [0x000000adba100000,0x000000adba200000]
Native frames: (J=compiled Java code, j=interpreted, Vv=VM code, C=native code)
V  [jvm.dll+0x681929]
V  [jvm.dll+0x83934a]
V  [jvm.dll+0x83ae0e]
V  [jvm.dll+0x83b473]
V  [jvm.dll+0x24b5ef]
V  [jvm.dll+0x67e759]
V  [jvm.dll+0x6731ca]
V  [jvm.dll+0x30b3eb]
V  [jvm.dll+0x312896]
V  [jvm.dll+0x362dee]
V  [jvm.dll+0x36301f]
V  [jvm.dll+0x2e2048]
V  [jvm.dll+0x2e2fb4]
V  [jvm.dll+0x80abe1]
V  [jvm.dll+0x370ca1]
V  [jvm.dll+0x7e9656]
V  [jvm.dll+0x3f44ff]
V  [jvm.dll+0x3f6131]
C  [jli.dll+0x532f]
C  [ucrtbase.dll+0x29363]
C  [KERNEL32.DLL+0x1257d]
C  [ntdll.dll+0x5aa58]


---------------  P R O C E S S  ---------------

Threads class SMR info:
_java_thread_list=0x00007ffeccce5f98, length=0, elements={
}

Java Threads: ( => current thread )

Other Threads:
  0x00000265b69debc0 GCTaskThread "GC Thread#0" [stack: 0x000000adba200000,0x000000adba300000] [id=33384]
  0x00000265e17a4b60 ConcurrentGCThread "G1 Main Marker" [stack: 0x000000adba300000,0x000000adba400000] [id=33388]
  0x00000265b69dee90 ConcurrentGCThread "G1 Conc#0" [stack: 0x000000adba400000,0x000000adba500000] [id=33392]

[error occurred during error reporting (printing all threads), id 0xc0000005, EXCEPTION_ACCESS_VIOLATION (0xc0000005) at pc=0x00007ffecc4a2a27]

VM state: not at safepoint (not fully initialized)

VM Mutex/Monitor currently owned by a thread:  ([mutex/lock_event])
[0x00000265b69b92e0] Heap_lock - owner thread: 0x00000265b69bf680

Heap address: 0x0000000604000000, size: 8128 MB, Compressed Oops mode: Zero based, Oop shift amount: 3

CDS archive(s) mapped at: [0x0000000000000000-0x0000000000000000-0x0000000000000000), size 0, SharedBaseAddress: 0x0000000800000000, ArchiveRelocationMode: 1.
Narrow klass base: 0x0000000000000000, Narrow klass shift: 0, Narrow klass range: 0x0

GC Precious Log:
<Empty>

Heap:
 garbage-first heap   total 0K, used 0K [0x0000000604000000, 0x0000000800000000)
  region size 4096K, 0 young (0K), 0 survivors (0K)

[error occurred during error reporting (printing heap information), id 0xc0000005, EXCEPTION_ACCESS_VIOLATION (0xc0000005) at pc=0x00007ffecc88b599]

GC Heap History (0 events):
No events

Dll operation events (1 events):
Event: 0.003 Loaded shared library C:\Users\qwe13\.jdks\azul-17.0.10\bin\java.dll

Deoptimization events (0 events):
No events

Classes unloaded (0 events):
No events

Classes redefined (0 events):
No events

Internal exceptions (0 events):
No events

VM Operations (0 events):
No events

Events (0 events):
No events


Dynamic libraries:
0x00007ff68bc50000 - 0x00007ff68bc5e000 	C:\Users\qwe13\.jdks\azul-17.0.10\bin\java.exe
0x00007fffa15d0000 - 0x00007fffa17e6000 	C:\Windows\SYSTEM32\ntdll.dll
0x00007fff9f7b0000 - 0x00007fff9f874000 	C:\Windows\System32\KERNEL32.DLL
0x00007fff9ee50000 - 0x00007fff9f1f6000 	C:\Windows\System32\KERNELBASE.dll
0x00007fff9f200000 - 0x00007fff9f311000 	C:\Windows\System32\ucrtbase.dll
0x00007fff94800000 - 0x00007fff94819000 	C:\Users\qwe13\.jdks\azul-17.0.10\bin\jli.dll
0x00007fff94820000 - 0x00007fff9483b000 	C:\Users\qwe13\.jdks\azul-17.0.10\bin\VCRUNTIME140.dll
0x00007fffa02a0000 - 0x00007fffa044d000 	C:\Windows\System32\USER32.dll
0x00007fff9ea50000 - 0x00007fff9ea76000 	C:\Windows\System32\win32u.dll
0x00007fff939f0000 - 0x00007fff93c83000 	C:\Windows\WinSxS\amd64_microsoft.windows.common-controls_6595b64144ccf1df_6.0.22621.3235_none_270f74e173860f98\COMCTL32.dll
0x00007fffa0450000 - 0x00007fffa0479000 	C:\Windows\System32\GDI32.dll
0x00007fff9fc70000 - 0x00007fff9fd17000 	C:\Windows\System32\msvcrt.dll
0x00007fff9ec90000 - 0x00007fff9eda8000 	C:\Windows\System32\gdi32full.dll
0x00007fff9edb0000 - 0x00007fff9ee4a000 	C:\Windows\System32\msvcp_win.dll
0x00007fff9f750000 - 0x00007fff9f781000 	C:\Windows\System32\IMM32.DLL
0x00007fff9b6a0000 - 0x00007fff9b6ac000 	C:\Users\qwe13\.jdks\azul-17.0.10\bin\vcruntime140_1.dll
0x00007fff85db0000 - 0x00007fff85e3d000 	C:\Users\qwe13\.jdks\azul-17.0.10\bin\msvcp140.dll
0x00007ffecc1b0000 - 0x00007ffecce19000 	C:\Users\qwe13\.jdks\azul-17.0.10\bin\server\jvm.dll
0x00007fff9f480000 - 0x00007fff9f532000 	C:\Windows\System32\ADVAPI32.dll
0x00007fffa0190000 - 0x00007fffa0238000 	C:\Windows\System32\sechost.dll
0x00007fff9ea80000 - 0x00007fff9eaa8000 	C:\Windows\System32\bcrypt.dll
0x00007fffa0480000 - 0x00007fffa0595000 	C:\Windows\System32\RPCRT4.dll
0x00007fff9c720000 - 0x00007fff9c729000 	C:\Windows\SYSTEM32\WSOCK32.dll
0x00007fff95d20000 - 0x00007fff95d54000 	C:\Windows\SYSTEM32\WINMM.dll
0x00007fffa0110000 - 0x00007fffa0181000 	C:\Windows\System32\WS2_32.dll
0x00007fff9d7a0000 - 0x00007fff9d7ed000 	C:\Windows\SYSTEM32\POWRPROF.dll
0x00007fff972c0000 - 0x00007fff972ca000 	C:\Windows\SYSTEM32\VERSION.dll
0x00007fff9d780000 - 0x00007fff9d793000 	C:\Windows\SYSTEM32\UMPDC.dll
0x00007fff9da40000 - 0x00007fff9da58000 	C:\Windows\SYSTEM32\kernel.appcore.dll
0x00007fff994a0000 - 0x00007fff994aa000 	C:\Users\qwe13\.jdks\azul-17.0.10\bin\jimage.dll
0x00007fff9c1c0000 - 0x00007fff9c3f3000 	C:\Windows\SYSTEM32\DBGHELP.DLL
0x00007fff9fd80000 - 0x00007fffa0108000 	C:\Windows\System32\combase.dll
0x00007fff9f540000 - 0x00007fff9f617000 	C:\Windows\System32\OLEAUT32.dll
0x00007fff78440000 - 0x00007fff78472000 	C:\Windows\SYSTEM32\dbgcore.DLL
0x00007fff9e910000 - 0x00007fff9e98a000 	C:\Windows\System32\bcryptPrimitives.dll
0x00007fff947d0000 - 0x00007fff947f5000 	C:\Users\qwe13\.jdks\azul-17.0.10\bin\java.dll

dbghelp: loaded successfully - version: 4.0.5 - missing functions: none
symbol engine: initialized successfully - sym options: 0x614 - pdb path: .;C:\Users\qwe13\.jdks\azul-17.0.10\bin;C:\Windows\SYSTEM32;C:\Windows\WinSxS\amd64_microsoft.windows.common-controls_6595b64144ccf1df_6.0.22621.3235_none_270f74e173860f98;C:\Users\qwe13\.jdks\azul-17.0.10\bin\server

VM Arguments:
java_command: org.jetbrains.kotlin.cli.jvm.K2JVMCompiler @F:\code\java\arona-reborn\arona\arona-core\build\20240317_3770765748388668472.compiler.options
java_class_path (initial): C:\Users\qwe13\.gradle\caches\modules-2\files-2.1\org.jetbrains.kotlin\kotlin-compiler-embeddable\1.9.22\9cd4dc7773cf2a99ecd961a88fbbc9a2da3fb5e1\kotlin-compiler-embeddable-1.9.22.jar;C:\Users\qwe13\.gradle\caches\modules-2\files-2.1\org.jetbrains.kotlin\kotlin-stdlib\1.9.22\d6c44cd08d8f3f9bece8101216dbe6553365c6e3\kotlin-stdlib-1.9.22.jar;C:\Users\qwe13\.gradle\caches\modules-2\files-2.1\org.jetbrains.kotlin\kotlin-script-runtime\1.9.22\f8139a46fc677ec9badc49ae954392f4f5e7e7c7\kotlin-script-runtime-1.9.22.jar;C:\Users\qwe13\.gradle\caches\modules-2\files-2.1\org.jetbrains.kotlin\kotlin-reflect\1.6.10\1cbe9c92c12a94eea200d23c2bbaedaf3daf5132\kotlin-reflect-1.6.10.jar;C:\Users\qwe13\.gradle\caches\modules-2\files-2.1\org.jetbrains.kotlin\kotlin-daemon-embeddable\1.9.22\20e2c5df715f3240c765cfc222530e2796542021\kotlin-daemon-embeddable-1.9.22.jar;C:\Users\qwe13\.gradle\caches\modules-2\files-2.1\org.jetbrains.intellij.deps\trove4j\1.0.20200330\3afb14d5f9ceb459d724e907a21145e8ff394f02\trove4j-1.0.20200330.jar;C:\Users\qwe13\.gradle\caches\modules-2\files-2.1\org.jetbrains\annotations\13.0\919f0dfe192fb4e063e7dacadee7f8bb9a2672a9\annotations-13.0.jar
Launcher Type: SUN_STANDARD

[Global flags]
     intx CICompilerCount                          = 15                                        {product} {ergonomic}
     uint ConcGCThreads                            = 6                                         {product} {ergonomic}
     uint G1ConcRefinementThreads                  = 23                                        {product} {ergonomic}
   size_t G1HeapRegionSize                         = 4194304                                   {product} {ergonomic}
    uintx GCDrainStackTargetSize                   = 64                                        {product} {ergonomic}
   size_t InitialHeapSize                          = 532676608                                 {product} {ergonomic}
   size_t MarkStackSize                            = 4194304                                   {product} {ergonomic}
   size_t MaxHeapSize                              = 8522825728                                {product} {ergonomic}
   size_t MinHeapDeltaBytes                        = 4194304                                   {product} {ergonomic}
   size_t MinHeapSize                              = 8388608                                   {product} {ergonomic}
    uintx NonNMethodCodeHeapSize                   = 8192380                                {pd product} {ergonomic}
    uintx NonProfiledCodeHeapSize                  = 121732930                              {pd product} {ergonomic}
    uintx ProfiledCodeHeapSize                     = 121732930                              {pd product} {ergonomic}
    uintx ReservedCodeCacheSize                    = 251658240                              {pd product} {ergonomic}
     bool SegmentedCodeCache                       = true                                      {product} {ergonomic}
   size_t SoftMaxHeapSize                          = 8522825728                             {manageable} {ergonomic}
     bool UseCompressedClassPointers               = true                           {product lp64_product} {ergonomic}
     bool UseCompressedOops                        = true                           {product lp64_product} {ergonomic}
     bool UseG1GC                                  = true                                      {product} {ergonomic}
     bool UseLargePagesIndividualAllocation        = false                                  {pd product} {ergonomic}

Logging:
Log output configuration:
 #0: stdout all=warning uptime,level,tags
 #1: stderr all=off uptime,level,tags

Environment Variables:
PATH=E:\Python\Python310\Scripts\;E:\Python\Python310\;C:\Program Files\Java\jdk-21\bin;E:\Python\Python312\Scripts\;E:\Python\Python312\;C:\Windows\system32;C:\Windows;C:\Windows\System32\Wbem;C:\Windows\System32\WindowsPowerShell\v1.0\;C:\Windows\System32\OpenSSH\;C:\Program Files\dotnet\;C:\Program Files\NVIDIA Corporation\NVIDIA NvDLISR;C:\Program Files (x86)\NVIDIA Corporation\PhysX\Common;E:\Windows Kits\10\Windows Performance Toolkit\;C:\Users\qwe13\AppData\Roaming\nvm;C:\Program Files\nodejs;C:\Program Files\Git\cmd;E:\Xshell 7\;C:\Users\qwe13\scoop\shims;C:\Users\qwe13\AppData\Local\Microsoft\WindowsApps;C:\Users\qwe13\AppData\Local\JetBrains\Toolbox\scripts;C:\Users\qwe13\.dotnet\tools;C:\Users\qwe13\AppData\Roaming\nvm;C:\Program Files\nodejs;C:\Users\qwe13\AppData\Local\Programs\oh-my-posh\bin
USERNAME=qwe13
OS=Windows_NT
PROCESSOR_IDENTIFIER=Intel64 Family 6 Model 183 Stepping 1, GenuineIntel
TMP=C:\Users\qwe13\AppData\Local\Temp
TEMP=C:\Users\qwe13\AppData\Local\Temp



Periodic native trim disabled


---------------  S Y S T E M  ---------------

OS:
 Windows 11 , 64 bit Build 22621 (10.0.22621.3235)
OS uptime: 0 days 17:15 hours

CPU: total 32 (initial active 32) (16 cores per cpu, 2 threads per core) family 6 model 183 stepping 1 microcode 0x11d, cx8, cmov, fxsr, ht, mmx, 3dnowpref, sse, sse2, sse3, ssse3, sse4.1, sse4.2, popcnt, lzcnt, tsc, tscinvbit, avx, avx2, aes, erms, clmul, bmi1, bmi2, adx, sha, fma, vzeroupper, clflush, clflushopt, clwb
Processor Information for all 32 processors :
  Max Mhz: 3200, Current Mhz: 3200, Mhz Limit: 3200

Memory: 4k page, system-wide physical 32508M (7031M free)
TotalPageFile size 48892M (AvailPageFile size 40M)
current process WorkingSet (physical memory assigned to process): 12M, peak: 12M
current process commit charge ("private bytes"): 92M, peak: 600M

vm_info: OpenJDK 64-Bit Server VM (17.0.10+7-LTS) for windows-amd64 JRE (17.0.10+7-LTS) (Zulu17.48+15-CA), built on Jan  5 2024 14:15:01 by "zulu_re" with MS VC++ 16.10 / 16.11 (VS2019)

END.
